JUnit version 4.13.2
.E.E.E
Time: 8.406
There were 3 failures:
1) filterTest(TestListExamples)
arrays first differed at element [0]; expected:<[Banana]> but was:<[Carrot]>
	at org.junit.internal.ComparisonCriteria.arrayEquals(ComparisonCriteria.java:78)
	at org.junit.internal.ComparisonCriteria.arrayEquals(ComparisonCriteria.java:28)
	at org.junit.Assert.internalArrayEquals(Assert.java:534)
	at org.junit.Assert.assertArrayEquals(Assert.java:285)
	at org.junit.Assert.assertArrayEquals(Assert.java:300)
	at TestListExamples.filterTest(TestListExamples.java:49)
	... 32 trimmed
Caused by: org.junit.ComparisonFailure: expected:<[Banana]> but was:<[Carrot]>
	at org.junit.Assert.assertEquals(Assert.java:117)
	at org.junit.Assert.assertEquals(Assert.java:146)
	at org.junit.internal.ExactComparisonCriteria.assertElementsEqual(ExactComparisonCriteria.java:8)
	at org.junit.internal.ComparisonCriteria.arrayEquals(ComparisonCriteria.java:76)
	... 38 more
2) testMergeRightEnd(TestListExamples)
org.junit.runners.model.TestTimedOutException: test timed out after 500 milliseconds
	at java.base@17.0.5/java.util.Arrays.copyOf(Arrays.java:3512)
	at java.base@17.0.5/java.util.Arrays.copyOf(Arrays.java:3481)
	at java.base@17.0.5/java.util.ArrayList.grow(ArrayList.java:237)
	at java.base@17.0.5/java.util.ArrayList.grow(ArrayList.java:244)
	at java.base@17.0.5/java.util.ArrayList.add(ArrayList.java:454)
	at java.base@17.0.5/java.util.ArrayList.add(ArrayList.java:467)
	at app//ListExamples.merge(ListExamples.java:42)
	at app//TestListExamples.testMergeRightEnd(TestListExamples.java:37)
3) mergeTest(TestListExamples)
java.lang.OutOfMemoryError: Java heap space
	at java.base/java.util.Arrays.copyOf(Arrays.java:3512)
	at java.base/java.util.Arrays.copyOf(Arrays.java:3481)
	at java.base/java.util.ArrayList.grow(ArrayList.java:237)
	at java.base/java.util.ArrayList.grow(ArrayList.java:244)
	at java.base/java.util.ArrayList.add(ArrayList.java:454)
	at java.base/java.util.ArrayList.add(ArrayList.java:467)
	at ListExamples.merge(ListExamples.java:42)
	at TestListExamples.mergeTest(TestListExamples.java:60)

FAILURES!!!
Tests run: 3,  Failures: 3

